<?xml version="1.0" encoding="UTF-8"?>
<!-- Generated by org.testng.reporters.JUnitReportReporter -->
<testsuite skipped="0" hostname="pc-PC" name="com.testing.Vip01TestNGMaven.dataDriven" tests="28" failures="0" timestamp="23 十一月 2018 12:55:24 GMT" time="0.080" errors="0">
  <testcase name="f" time="0.002" classname="com.testing.Vip01TestNGMaven.dataDriven"/>
  <testcase name="f" time="0.002" classname="com.testing.Vip01TestNGMaven.dataDriven"/>
  <testcase name="f" time="0.002" classname="com.testing.Vip01TestNGMaven.dataDriven"/>
  <testcase name="f" time="0.002" classname="com.testing.Vip01TestNGMaven.dataDriven"/>
  <testcase name="f" time="0.002" classname="com.testing.Vip01TestNGMaven.dataDriven"/>
  <testcase name="f" time="0.002" classname="com.testing.Vip01TestNGMaven.dataDriven"/>
  <testcase name="f" time="0.001" classname="com.testing.Vip01TestNGMaven.dataDriven"/>
  <testcase name="f" time="0.002" classname="com.testing.Vip01TestNGMaven.dataDriven"/>
  <testcase name="f" time="0.002" classname="com.testing.Vip01TestNGMaven.dataDriven"/>
  <testcase name="f" time="0.001" classname="com.testing.Vip01TestNGMaven.dataDriven"/>
  <testcase name="f" time="0.002" classname="com.testing.Vip01TestNGMaven.dataDriven"/>
  <testcase name="f" time="0.002" classname="com.testing.Vip01TestNGMaven.dataDriven"/>
  <testcase name="f" time="0.001" classname="com.testing.Vip01TestNGMaven.dataDriven"/>
  <testcase name="f" time="0.006" classname="com.testing.Vip01TestNGMaven.dataDriven"/>
  <testcase name="f" time="0.002" classname="com.testing.Vip01TestNGMaven.dataDriven"/>
  <testcase name="f" time="0.002" classname="com.testing.Vip01TestNGMaven.dataDriven"/>
  <testcase name="f" time="0.002" classname="com.testing.Vip01TestNGMaven.dataDriven"/>
  <testcase name="f" time="0.004" classname="com.testing.Vip01TestNGMaven.dataDriven"/>
  <testcase name="f" time="0.002" classname="com.testing.Vip01TestNGMaven.dataDriven"/>
  <testcase name="f" time="0.002" classname="com.testing.Vip01TestNGMaven.dataDriven"/>
  <testcase name="f" time="0.006" classname="com.testing.Vip01TestNGMaven.dataDriven"/>
  <testcase name="f" time="0.002" classname="com.testing.Vip01TestNGMaven.dataDriven"/>
  <testcase name="f" time="0.002" classname="com.testing.Vip01TestNGMaven.dataDriven"/>
  <testcase name="f" time="0.001" classname="com.testing.Vip01TestNGMaven.dataDriven"/>
  <testcase name="f" time="0.002" classname="com.testing.Vip01TestNGMaven.dataDriven"/>
  <testcase name="f" time="0.001" classname="com.testing.Vip01TestNGMaven.dataDriven"/>
  <testcase name="f" time="0.015" classname="com.testing.Vip01TestNGMaven.dataDriven"/>
  <testcase name="f" time="0.008" classname="com.testing.Vip01TestNGMaven.dataDriven"/>
</testsuite> <!-- com.testing.Vip01TestNGMaven.dataDriven -->
